build/app/intermediates/manifest_merge_blame_file/debug/manifest-merger-blame-debug-report.txt
1<?xml version="1.0" encoding="utf-8"?>
2<manifest xmlns:android="http://schemas.android.com/apk/res/android"
3    package="com.laundryapp"
4    android:versionCode="1"
5    android:versionName="1.0.0" >
6
7    <uses-sdk
8        android:minSdkVersion="20"
9        android:targetSdkVersion="31" />
10    <!--
11         The INTERNET permission is required for development. Specifically,
12         the Flutter tool needs it to communicate with the running application
13         to allow setting breakpoints, to provide hot reload, etc.
14    -->
15    <uses-permission android:name="android.permission.INTERNET" />
15-->src/main/AndroidManifest.xml:4:5-66
15-->src/main/AndroidManifest.xml:4:22-64
16    <uses-permission android:name="android.permission.ACCESS_NETWORK_STATE" />
16-->src/main/AndroidManifest.xml:5:5-79
16-->src/main/AndroidManifest.xml:5:22-76
17    <uses-permission android:name="android.permission.WAKE_LOCK" />
17-->[com.google.android.gms:play-services-measurement-api:21.1.1] AndroidManifest.xml:24:5-68
17-->[com.google.android.gms:play-services-measurement-api:21.1.1] AndroidManifest.xml:24:22-65
18    <uses-permission android:name="com.google.android.gms.permission.AD_ID" />
18-->[com.google.android.gms:play-services-measurement-api:21.1.1] AndroidManifest.xml:25:5-79
18-->[com.google.android.gms:play-services-measurement-api:21.1.1] AndroidManifest.xml:25:22-76
19
20    <uses-feature
20-->[com.google.android.gms:play-services-maps:18.0.2] AndroidManifest.xml:26:5-28:35
21        android:glEsVersion="0x00020000"
21-->[com.google.android.gms:play-services-maps:18.0.2] AndroidManifest.xml:27:9-41
22        android:required="true" />
22-->[com.google.android.gms:play-services-maps:18.0.2] AndroidManifest.xml:28:9-32
23
24    <queries>
24-->[com.google.android.gms:play-services-maps:18.0.2] AndroidManifest.xml:30:5-34:15
25
26        <!-- Needs to be explicitly declared on Android R+ -->
27        <package android:name="com.google.android.apps.maps" />
27-->[com.google.android.gms:play-services-maps:18.0.2] AndroidManifest.xml:33:9-64
27-->[com.google.android.gms:play-services-maps:18.0.2] AndroidManifest.xml:33:18-61
28    </queries>
29
30    <uses-permission android:name="com.google.android.finsky.permission.BIND_GET_INSTALL_REFERRER_SERVICE" />
30-->[com.google.android.gms:play-services-measurement:21.1.1] AndroidManifest.xml:26:5-110
30-->[com.google.android.gms:play-services-measurement:21.1.1] AndroidManifest.xml:26:22-107
31
32    <application
33        android:name="android.app.Application"
34        android:appComponentFactory="androidx.core.app.CoreComponentFactory"
34-->[androidx.core:core:1.8.0] AndroidManifest.xml:24:18-86
35        android:debuggable="true"
36        android:icon="@mipmap/ic_launcher"
37        android:label="laundry_app" >
38        <meta-data
39            android:name="com.google.android.geo.API_KEY"
40            android:value="YOUR-KEY-HERE" />
41
42        <activity
43            android:name="com.laundryapp.MainActivity"
44            android:configChanges="orientation|keyboardHidden|keyboard|screenSize|smallestScreenSize|locale|layoutDirection|fontScale|screenLayout|density|uiMode"
45            android:exported="true"
46            android:hardwareAccelerated="true"
47            android:launchMode="singleTop"
48            android:theme="@style/LaunchTheme"
49            android:windowSoftInputMode="adjustResize" >
50
51            <!--
52                 Specifies an Android theme to apply to this Activity as soon as
53                 the Android process has started. This theme is visible to the user
54                 while the Flutter UI initializes. After that, this theme continues
55                 to determine the Window background behind the Flutter UI.
56            -->
57            <meta-data
58                android:name="io.flutter.embedding.android.NormalTheme"
59                android:resource="@style/NormalTheme" />
60
61            <intent-filter>
62                <action android:name="android.intent.action.MAIN" />
63
64                <category android:name="android.intent.category.LAUNCHER" />
65            </intent-filter>
66        </activity>
67        <!--
68             Don't delete the meta-data below.
69             This is used by the Flutter tool to generate GeneratedPluginRegistrant.java
70        -->
71        <meta-data
72            android:name="flutterEmbedding"
73            android:value="2" />
74
75        <service
75-->[:firebase_auth] AndroidManifest.xml:10:9-14:19
76            android:name="com.google.firebase.components.ComponentDiscoveryService"
76-->[:firebase_auth] AndroidManifest.xml:10:18-89
77            android:directBootAware="true"
77-->[com.google.firebase:firebase-common:20.1.2] AndroidManifest.xml:35:13-43
78            android:exported="false" >
78-->[com.google.firebase:firebase-auth:21.0.8] AndroidManifest.xml:66:13-37
79            <meta-data
79-->[:firebase_auth] AndroidManifest.xml:11:13-13:85
80                android:name="com.google.firebase.components:io.flutter.plugins.firebase.auth.FlutterFirebaseAuthRegistrar"
80-->[:firebase_auth] AndroidManifest.xml:12:17-124
81                android:value="com.google.firebase.components.ComponentRegistrar" />
81-->[:firebase_auth] AndroidManifest.xml:13:17-82
82            <meta-data
82-->[:firebase_storage] AndroidManifest.xml:11:13-13:85
83                android:name="com.google.firebase.components:io.flutter.plugins.firebase.storage.FlutterFirebaseAppRegistrar"
83-->[:firebase_storage] AndroidManifest.xml:12:17-126
84                android:value="com.google.firebase.components.ComponentRegistrar" />
84-->[:firebase_storage] AndroidManifest.xml:13:17-82
85            <meta-data
85-->[:cloud_firestore] AndroidManifest.xml:11:13-13:85
86                android:name="com.google.firebase.components:io.flutter.plugins.firebase.firestore.FlutterFirebaseFirestoreRegistrar"
86-->[:cloud_firestore] AndroidManifest.xml:12:17-134
87                android:value="com.google.firebase.components.ComponentRegistrar" />
87-->[:cloud_firestore] AndroidManifest.xml:13:17-82
88            <meta-data
88-->[:firebase_core] AndroidManifest.xml:11:13-13:85
89                android:name="com.google.firebase.components:io.flutter.plugins.firebase.core.FlutterFirebaseCoreRegistrar"
89-->[:firebase_core] AndroidManifest.xml:12:17-124
90                android:value="com.google.firebase.components.ComponentRegistrar" />
90-->[:firebase_core] AndroidManifest.xml:13:17-82
91            <meta-data
91-->[com.google.firebase:firebase-auth:21.0.8] AndroidManifest.xml:67:13-69:85
92                android:name="com.google.firebase.components:com.google.firebase.auth.FirebaseAuthRegistrar"
92-->[com.google.firebase:firebase-auth:21.0.8] AndroidManifest.xml:68:17-109
93                android:value="com.google.firebase.components.ComponentRegistrar" />
93-->[com.google.firebase:firebase-auth:21.0.8] AndroidManifest.xml:69:17-82
94            <meta-data
94-->[com.google.firebase:firebase-firestore:24.3.1] AndroidManifest.xml:20:13-22:85
95                android:name="com.google.firebase.components:com.google.firebase.firestore.FirestoreRegistrar"
95-->[com.google.firebase:firebase-firestore:24.3.1] AndroidManifest.xml:21:17-111
96                android:value="com.google.firebase.components.ComponentRegistrar" />
96-->[com.google.firebase:firebase-firestore:24.3.1] AndroidManifest.xml:22:17-82
97            <meta-data
97-->[com.google.firebase:firebase-storage:20.0.2] AndroidManifest.xml:33:13-35:85
98                android:name="com.google.firebase.components:com.google.firebase.storage.StorageRegistrar"
98-->[com.google.firebase:firebase-storage:20.0.2] AndroidManifest.xml:34:17-107
99                android:value="com.google.firebase.components.ComponentRegistrar" />
99-->[com.google.firebase:firebase-storage:20.0.2] AndroidManifest.xml:35:17-82
100            <meta-data
100-->[com.google.android.gms:play-services-measurement-api:21.1.1] AndroidManifest.xml:31:13-33:85
101                android:name="com.google.firebase.components:com.google.firebase.analytics.connector.internal.AnalyticsConnectorRegistrar"
101-->[com.google.android.gms:play-services-measurement-api:21.1.1] AndroidManifest.xml:32:17-139
102                android:value="com.google.firebase.components.ComponentRegistrar" />
102-->[com.google.android.gms:play-services-measurement-api:21.1.1] AndroidManifest.xml:33:17-82
103            <meta-data
103-->[com.google.firebase:firebase-installations:17.0.3] AndroidManifest.xml:18:13-20:85
104                android:name="com.google.firebase.components:com.google.firebase.installations.FirebaseInstallationsRegistrar"
104-->[com.google.firebase:firebase-installations:17.0.3] AndroidManifest.xml:19:17-127
105                android:value="com.google.firebase.components.ComponentRegistrar" />
105-->[com.google.firebase:firebase-installations:17.0.3] AndroidManifest.xml:20:17-82
106        </service>
107
108        <provider
108-->[:image_picker_android] AndroidManifest.xml:10:9-18:20
109            android:name="io.flutter.plugins.imagepicker.ImagePickerFileProvider"
109-->[:image_picker_android] AndroidManifest.xml:11:13-82
110            android:authorities="com.laundryapp.flutter.image_provider"
110-->[:image_picker_android] AndroidManifest.xml:12:13-74
111            android:exported="false"
111-->[:image_picker_android] AndroidManifest.xml:13:13-37
112            android:grantUriPermissions="true" >
112-->[:image_picker_android] AndroidManifest.xml:14:13-47
113            <meta-data
113-->[:image_picker_android] AndroidManifest.xml:15:13-17:75
114                android:name="android.support.FILE_PROVIDER_PATHS"
114-->[:image_picker_android] AndroidManifest.xml:16:17-67
115                android:resource="@xml/flutter_image_picker_file_paths" />
115-->[:image_picker_android] AndroidManifest.xml:17:17-72
116        </provider>
117
118        <uses-library
118-->[androidx.window:window:1.0.0-beta04] AndroidManifest.xml:25:9-27:40
119            android:name="androidx.window.extensions"
119-->[androidx.window:window:1.0.0-beta04] AndroidManifest.xml:26:13-54
120            android:required="false" />
120-->[androidx.window:window:1.0.0-beta04] AndroidManifest.xml:27:13-37
121        <uses-library
121-->[androidx.window:window:1.0.0-beta04] AndroidManifest.xml:28:9-30:40
122            android:name="androidx.window.sidecar"
122-->[androidx.window:window:1.0.0-beta04] AndroidManifest.xml:29:13-51
123            android:required="false" />
123-->[androidx.window:window:1.0.0-beta04] AndroidManifest.xml:30:13-37
124
125        <activity
125-->[com.google.firebase:firebase-auth:21.0.8] AndroidManifest.xml:27:9-44:20
126            android:name="com.google.firebase.auth.internal.GenericIdpActivity"
126-->[com.google.firebase:firebase-auth:21.0.8] AndroidManifest.xml:28:13-80
127            android:excludeFromRecents="true"
127-->[com.google.firebase:firebase-auth:21.0.8] AndroidManifest.xml:29:13-46
128            android:exported="true"
128-->[com.google.firebase:firebase-auth:21.0.8] AndroidManifest.xml:30:13-36
129            android:launchMode="singleTask"
129-->[com.google.firebase:firebase-auth:21.0.8] AndroidManifest.xml:31:13-44
130            android:theme="@android:style/Theme.Translucent.NoTitleBar" >
130-->[com.google.firebase:firebase-auth:21.0.8] AndroidManifest.xml:32:13-72
131            <intent-filter>
131-->[com.google.firebase:firebase-auth:21.0.8] AndroidManifest.xml:33:13-43:29
132                <action android:name="android.intent.action.VIEW" />
132-->[com.google.firebase:firebase-auth:21.0.8] AndroidManifest.xml:34:17-69
132-->[com.google.firebase:firebase-auth:21.0.8] AndroidManifest.xml:34:25-66
133
134                <category android:name="android.intent.category.DEFAULT" />
134-->[com.google.firebase:firebase-auth:21.0.8] AndroidManifest.xml:36:17-76
134-->[com.google.firebase:firebase-auth:21.0.8] AndroidManifest.xml:36:27-73
135                <category android:name="android.intent.category.BROWSABLE" />
135-->[com.google.firebase:firebase-auth:21.0.8] AndroidManifest.xml:37:17-78
135-->[com.google.firebase:firebase-auth:21.0.8] AndroidManifest.xml:37:27-75
136
137                <data
137-->[com.google.firebase:firebase-auth:21.0.8] AndroidManifest.xml:39:17-42:51
138                    android:host="firebase.auth"
138-->[com.google.firebase:firebase-auth:21.0.8] AndroidManifest.xml:40:21-49
139                    android:path="/"
139-->[com.google.firebase:firebase-auth:21.0.8] AndroidManifest.xml:41:21-37
140                    android:scheme="genericidp" />
140-->[com.google.firebase:firebase-auth:21.0.8] AndroidManifest.xml:42:21-48
141            </intent-filter>
142        </activity>
143        <activity
143-->[com.google.firebase:firebase-auth:21.0.8] AndroidManifest.xml:45:9-62:20
144            android:name="com.google.firebase.auth.internal.RecaptchaActivity"
144-->[com.google.firebase:firebase-auth:21.0.8] AndroidManifest.xml:46:13-79
145            android:excludeFromRecents="true"
145-->[com.google.firebase:firebase-auth:21.0.8] AndroidManifest.xml:47:13-46
146            android:exported="true"
146-->[com.google.firebase:firebase-auth:21.0.8] AndroidManifest.xml:48:13-36
147            android:launchMode="singleTask"
147-->[com.google.firebase:firebase-auth:21.0.8] AndroidManifest.xml:49:13-44
148            android:theme="@android:style/Theme.Translucent.NoTitleBar" >
148-->[com.google.firebase:firebase-auth:21.0.8] AndroidManifest.xml:50:13-72
149            <intent-filter>
149-->[com.google.firebase:firebase-auth:21.0.8] AndroidManifest.xml:51:13-61:29
150                <action android:name="android.intent.action.VIEW" />
150-->[com.google.firebase:firebase-auth:21.0.8] AndroidManifest.xml:34:17-69
150-->[com.google.firebase:firebase-auth:21.0.8] AndroidManifest.xml:34:25-66
151
152                <category android:name="android.intent.category.DEFAULT" />
152-->[com.google.firebase:firebase-auth:21.0.8] AndroidManifest.xml:36:17-76
152-->[com.google.firebase:firebase-auth:21.0.8] AndroidManifest.xml:36:27-73
153                <category android:name="android.intent.category.BROWSABLE" />
153-->[com.google.firebase:firebase-auth:21.0.8] AndroidManifest.xml:37:17-78
153-->[com.google.firebase:firebase-auth:21.0.8] AndroidManifest.xml:37:27-75
154
155                <data
155-->[com.google.firebase:firebase-auth:21.0.8] AndroidManifest.xml:39:17-42:51
156                    android:host="firebase.auth"
156-->[com.google.firebase:firebase-auth:21.0.8] AndroidManifest.xml:40:21-49
157                    android:path="/"
157-->[com.google.firebase:firebase-auth:21.0.8] AndroidManifest.xml:41:21-37
158                    android:scheme="recaptcha" />
158-->[com.google.firebase:firebase-auth:21.0.8] AndroidManifest.xml:42:21-48
159            </intent-filter>
160        </activity>
161
162        <provider
162-->[com.google.firebase:firebase-common:20.1.2] AndroidManifest.xml:26:9-31:39
163            android:name="com.google.firebase.provider.FirebaseInitProvider"
163-->[com.google.firebase:firebase-common:20.1.2] AndroidManifest.xml:27:13-77
164            android:authorities="com.laundryapp.firebaseinitprovider"
164-->[com.google.firebase:firebase-common:20.1.2] AndroidManifest.xml:28:13-72
165            android:directBootAware="true"
165-->[com.google.firebase:firebase-common:20.1.2] AndroidManifest.xml:29:13-43
166            android:exported="false"
166-->[com.google.firebase:firebase-common:20.1.2] AndroidManifest.xml:30:13-37
167            android:initOrder="100" /> <!-- Needs to be explicitly declared on P+ -->
167-->[com.google.firebase:firebase-common:20.1.2] AndroidManifest.xml:31:13-36
168        <uses-library
168-->[com.google.android.gms:play-services-maps:18.0.2] AndroidManifest.xml:39:9-41:40
169            android:name="org.apache.http.legacy"
169-->[com.google.android.gms:play-services-maps:18.0.2] AndroidManifest.xml:40:13-50
170            android:required="false" />
170-->[com.google.android.gms:play-services-maps:18.0.2] AndroidManifest.xml:41:13-37
171
172        <activity
172-->[com.google.android.gms:play-services-auth:20.0.1] AndroidManifest.xml:23:9-27:75
173            android:name="com.google.android.gms.auth.api.signin.internal.SignInHubActivity"
173-->[com.google.android.gms:play-services-auth:20.0.1] AndroidManifest.xml:24:13-93
174            android:excludeFromRecents="true"
174-->[com.google.android.gms:play-services-auth:20.0.1] AndroidManifest.xml:25:13-46
175            android:exported="false"
175-->[com.google.android.gms:play-services-auth:20.0.1] AndroidManifest.xml:26:13-37
176            android:theme="@android:style/Theme.Translucent.NoTitleBar" />
176-->[com.google.android.gms:play-services-auth:20.0.1] AndroidManifest.xml:27:13-72
177        <!--
178            Service handling Google Sign-In user revocation. For apps that do not integrate with
179            Google Sign-In, this service will never be started.
180        -->
181        <service
181-->[com.google.android.gms:play-services-auth:20.0.1] AndroidManifest.xml:33:9-37:51
182            android:name="com.google.android.gms.auth.api.signin.RevocationBoundService"
182-->[com.google.android.gms:play-services-auth:20.0.1] AndroidManifest.xml:34:13-89
183            android:exported="true"
183-->[com.google.android.gms:play-services-auth:20.0.1] AndroidManifest.xml:35:13-36
184            android:permission="com.google.android.gms.auth.api.signin.permission.REVOCATION_NOTIFICATION"
184-->[com.google.android.gms:play-services-auth:20.0.1] AndroidManifest.xml:36:13-107
185            android:visibleToInstantApps="true" />
185-->[com.google.android.gms:play-services-auth:20.0.1] AndroidManifest.xml:37:13-48
186
187        <receiver
187-->[com.google.android.gms:play-services-measurement:21.1.1] AndroidManifest.xml:29:9-33:20
188            android:name="com.google.android.gms.measurement.AppMeasurementReceiver"
188-->[com.google.android.gms:play-services-measurement:21.1.1] AndroidManifest.xml:30:13-85
189            android:enabled="true"
189-->[com.google.android.gms:play-services-measurement:21.1.1] AndroidManifest.xml:31:13-35
190            android:exported="false" >
190-->[com.google.android.gms:play-services-measurement:21.1.1] AndroidManifest.xml:32:13-37
191        </receiver>
192
193        <service
193-->[com.google.android.gms:play-services-measurement:21.1.1] AndroidManifest.xml:35:9-38:40
194            android:name="com.google.android.gms.measurement.AppMeasurementService"
194-->[com.google.android.gms:play-services-measurement:21.1.1] AndroidManifest.xml:36:13-84
195            android:enabled="true"
195-->[com.google.android.gms:play-services-measurement:21.1.1] AndroidManifest.xml:37:13-35
196            android:exported="false" />
196-->[com.google.android.gms:play-services-measurement:21.1.1] AndroidManifest.xml:38:13-37
197        <service
197-->[com.google.android.gms:play-services-measurement:21.1.1] AndroidManifest.xml:39:9-43:72
198            android:name="com.google.android.gms.measurement.AppMeasurementJobService"
198-->[com.google.android.gms:play-services-measurement:21.1.1] AndroidManifest.xml:40:13-87
199            android:enabled="true"
199-->[com.google.android.gms:play-services-measurement:21.1.1] AndroidManifest.xml:41:13-35
200            android:exported="false"
200-->[com.google.android.gms:play-services-measurement:21.1.1] AndroidManifest.xml:42:13-37
201            android:permission="android.permission.BIND_JOB_SERVICE" />
201-->[com.google.android.gms:play-services-measurement:21.1.1] AndroidManifest.xml:43:13-69
202
203        <activity
203-->[com.google.android.gms:play-services-base:18.0.1] AndroidManifest.xml:20:9-22:45
204            android:name="com.google.android.gms.common.api.GoogleApiActivity"
204-->[com.google.android.gms:play-services-base:18.0.1] AndroidManifest.xml:20:19-85
205            android:exported="false"
205-->[com.google.android.gms:play-services-base:18.0.1] AndroidManifest.xml:22:19-43
206            android:theme="@android:style/Theme.Translucent.NoTitleBar" />
206-->[com.google.android.gms:play-services-base:18.0.1] AndroidManifest.xml:21:19-78
207
208        <meta-data
208-->[com.google.android.gms:play-services-basement:18.1.0] AndroidManifest.xml:21:9-23:69
209            android:name="com.google.android.gms.version"
209-->[com.google.android.gms:play-services-basement:18.1.0] AndroidManifest.xml:22:13-58
210            android:value="@integer/google_play_services_version" />
210-->[com.google.android.gms:play-services-basement:18.1.0] AndroidManifest.xml:23:13-66
211    </application>
212
213</manifest>